# JRE version: OpenJDK Runtime Environment Temurin-21.0.10+7 (21.0.10+7) (build 21.0.10+7-LTS)
# Java VM: OpenJDK 64-Bit Server VM Temurin-21.0.10+7 (21.0.10+7-LTS, mixed mode, tiered, compressed oops, compressed class ptrs, g1 gc, windows-amd64)
GC Precious Log:
 CardTable entry size: 512
 Card Set container configuration: InlinePtr #cards 5 size 8 Array Of Cards #cards 12 size 40 Howl #buckets 4 coarsen threshold 1843 Howl Bitmap #cards 512 size 80 coarsen threshold 460 Card regions per heap region 1 cards per card region 2048
 CPUs: 16 total, 16 available
 Memory: 15775M
 Large Page Support: Disabled
 NUMA Support: Disabled
 Compressed Oops: Enabled (32-bit)
 Heap Region Size: 1M
 Heap Min Capacity: 64M
 Heap Initial Capacity: 64M
 Heap Max Capacity: 2G
 Pre-touch: Disabled
 Parallel Workers: 13
 Concurrent Workers: 3
 Concurrent Refinement Workers: 13
 Periodic GC: Disabled
Heap:
 garbage-first heap   total 181248K, used 118964K [0x0000000080000000, 0x0000000100000000)
  region size 1024K, 7 young (7168K), 7 survivors (7168K)
 Metaspace       used 24243K, committed 24448K, reserved 1114112K
  class space    used 2336K, committed 2432K, reserved 1048576K
GC Heap History (20 events):
Event: 1.666 GC heap after
{Heap after GC invocations=6 (full 0):
 garbage-first heap   total 65536K, used 25503K [0x0000000080000000, 0x0000000100000000)
  region size 1024K, 3 young (3072K), 3 survivors (3072K)
 Metaspace       used 23196K, committed 23424K, reserved 1114112K
  class space    used 2225K, committed 2368K, reserved 1048576K
}
Event: 1.810 GC heap before
{Heap before GC invocations=6 (full 0):
 garbage-first heap   total 65536K, used 52127K [0x0000000080000000, 0x0000000100000000)
  region size 1024K, 26 young (26624K), 3 survivors (3072K)
 Metaspace       used 23519K, committed 23744K, reserved 1114112K
  class space    used 2264K, committed 2368K, reserved 1048576K
}
Event: 1.820 GC heap after
{Heap after GC invocations=7 (full 0):
 garbage-first heap   total 105472K, used 29763K [0x0000000080000000, 0x0000000100000000)
  region size 1024K, 3 young (3072K), 3 survivors (3072K)
 Metaspace       used 23519K, committed 23744K, reserved 1114112K
  class space    used 2264K, committed 2368K, reserved 1048576K
}
Event: 2.100 GC heap before
{Heap before GC invocations=7 (full 0):
 garbage-first heap   total 105472K, used 80963K [0x0000000080000000, 0x0000000100000000)
  region size 1024K, 53 young (54272K), 3 survivors (3072K)
 Metaspace       used 23552K, committed 23808K, reserved 1114112K
  class space    used 2265K, committed 2368K, reserved 1048576K
}
Event: 2.118 GC heap after
{Heap after GC invocations=8 (full 0):
 garbage-first heap   total 105472K, used 36135K [0x0000000080000000, 0x0000000100000000)
  region size 1024K, 7 young (7168K), 7 survivors (7168K)
 Metaspace       used 23552K, committed 23808K, reserved 1114112K
  class space    used 2265K, committed 2368K, reserved 1048576K
}
Event: 2.294 GC heap before
{Heap before GC invocations=8 (full 0):
 garbage-first heap   total 105472K, used 81191K [0x0000000080000000, 0x0000000100000000)
  region size 1024K, 51 young (52224K), 7 survivors (7168K)
 Metaspace       used 23563K, committed 23808K, reserved 1114112K
  class space    used 2268K, committed 2368K, reserved 1048576K
}
Event: 2.312 GC heap after
{Heap after GC invocations=9 (full 0):
 garbage-first heap   total 105472K, used 42348K [0x0000000080000000, 0x0000000100000000)
  region size 1024K, 6 young (6144K), 6 survivors (6144K)
 Metaspace       used 23563K, committed 23808K, reserved 1114112K
  class space    used 2268K, committed 2368K, reserved 1048576K
}
Event: 2.628 GC heap before
{Heap before GC invocations=9 (full 0):
 garbage-first heap   total 105472K, used 86380K [0x0000000080000000, 0x0000000100000000)
  region size 1024K, 48 young (49152K), 6 survivors (6144K)
 Metaspace       used 24038K, committed 24320K, reserved 1114112K
  class space    used 2319K, committed 2432K, reserved 1048576K
}
Event: 2.644 GC heap after
{Heap after GC invocations=10 (full 0):
 garbage-first heap   total 105472K, used 50176K [0x0000000080000000, 0x0000000100000000)
  region size 1024K, 6 young (6144K), 6 survivors (6144K)
 Metaspace       used 24038K, committed 24320K, reserved 1114112K
  class space    used 2319K, committed 2432K, reserved 1048576K
}
Event: 2.751 GC heap before
{Heap before GC invocations=10 (full 0):
 garbage-first heap   total 105472K, used 89088K [0x0000000080000000, 0x0000000100000000)
  region size 1024K, 43 young (44032K), 6 survivors (6144K)
 Metaspace       used 24108K, committed 24384K, reserved 1114112K
  class space    used 2327K, committed 2432K, reserved 1048576K
}
Event: 2.767 GC heap after
{Heap after GC invocations=11 (full 0):
 garbage-first heap   total 181248K, used 59392K [0x0000000080000000, 0x0000000100000000)
  region size 1024K, 6 young (6144K), 6 survivors (6144K)
 Metaspace       used 24108K, committed 24384K, reserved 1114112K
  class space    used 2327K, committed 2432K, reserved 1048576K
}
Event: 2.983 GC heap before
{Heap before GC invocations=11 (full 0):
 garbage-first heap   total 181248K, used 145408K [0x0000000080000000, 0x0000000100000000)
  region size 1024K, 88 young (90112K), 6 survivors (6144K)
 Metaspace       used 24167K, committed 24384K, reserved 1114112K
  class space    used 2331K, committed 2432K, reserved 1048576K
}
Event: 3.006 GC heap after
{Heap after GC invocations=12 (full 0):
 garbage-first heap   total 181248K, used 81408K [0x0000000080000000, 0x0000000100000000)
  region size 1024K, 11 young (11264K), 11 survivors (11264K)
 Metaspace       used 24167K, committed 24384K, reserved 1114112K
  class space    used 2331K, committed 2432K, reserved 1048576K
}
Event: 3.222 GC heap before
{Heap before GC invocations=12 (full 0):
 garbage-first heap   total 181248K, used 147968K [0x0000000080000000, 0x0000000100000000)
  region size 1024K, 72 young (73728K), 11 survivors (11264K)
 Metaspace       used 24232K, committed 24448K, reserved 1114112K
  class space    used 2335K, committed 2432K, reserved 1048576K
}
Event: 3.245 GC heap after
{Heap after GC invocations=13 (full 0):
 garbage-first heap   total 181248K, used 98816K [0x0000000080000000, 0x0000000100000000)
  region size 1024K, 9 young (9216K), 9 survivors (9216K)
 Metaspace       used 24232K, committed 24448K, reserved 1114112K
  class space    used 2335K, committed 2432K, reserved 1048576K
}
Event: 3.331 GC heap before
{Heap before GC invocations=13 (full 0):
 garbage-first heap   total 181248K, used 152064K [0x0000000080000000, 0x0000000100000000)
  region size 1024K, 61 young (62464K), 9 survivors (9216K)
 Metaspace       used 24232K, committed 24448K, reserved 1114112K
  class space    used 2335K, committed 2432K, reserved 1048576K
}
Event: 3.349 GC heap after
{Heap after GC invocations=14 (full 0):
 garbage-first heap   total 181248K, used 108032K [0x0000000080000000, 0x0000000100000000)
  region size 1024K, 8 young (8192K), 8 survivors (8192K)
 Metaspace       used 24232K, committed 24448K, reserved 1114112K
  class space    used 2335K, committed 2432K, reserved 1048576K
}
Event: 3.460 GC heap before
{Heap before GC invocations=15 (full 0):
 garbage-first heap   total 181248K, used 154112K [0x0000000080000000, 0x0000000100000000)
  region size 1024K, 56 young (57344K), 8 survivors (8192K)
 Metaspace       used 24243K, committed 24448K, reserved 1114112K
  class space    used 2336K, committed 2432K, reserved 1048576K
}
Event: 3.473 GC heap after
{Heap after GC invocations=16 (full 0):
 garbage-first heap   total 181248K, used 113664K [0x0000000080000000, 0x0000000100000000)
  region size 1024K, 7 young (7168K), 7 survivors (7168K)
 Metaspace       used 24243K, committed 24448K, reserved 1114112K
  class space    used 2336K, committed 2432K, reserved 1048576K
}
Event: 3.531 GC heap before
{Heap before GC invocations=16 (full 0):
 garbage-first heap   total 181248K, used 160768K [0x0000000080000000, 0x0000000100000000)
  region size 1024K, 53 young (54272K), 7 survivors (7168K)
 Metaspace       used 24243K, committed 24448K, reserved 1114112K
  class space    used 2336K, committed 2432K, reserved 1048576K
}

